[2025-02-14T08:56:54.366Z] INFO: Starting vaporwaver process
{
  "flags": {
    "characterPath": "nonexistent.png"
  }
}
[2025-02-14T08:56:57.277Z] ERROR: Vaporwaver error:
{
  "details": {},
  "name": "VaporwaverError"
}
[2025-02-14T09:21:01.369Z] INFO: Starting vaporwaver process
{
  "flags": {
    "characterPath": "nonexistent.png"
  }
}
[2025-02-14T09:21:02.976Z] ERROR: Vaporwaver error:
{
  "details": {},
  "name": "VaporwaverError"
}
[2025-02-14T09:29:46.123Z] INFO: Starting vaporwaver process
{
  "flags": {
    "characterPath": "nonexistent.png"
  }
}
[2025-02-14T09:29:47.733Z] ERROR: Vaporwaver error:
{
  "details": {},
  "name": "VaporwaverError"
}
[2025-02-14T09:44:02.527Z] INFO: Starting vaporwaver process
{
  "flags": {
    "characterPath": "nonexistent.png"
  }
}
[2025-02-14T09:44:04.139Z] ERROR: Vaporwaver error:
{
  "details": {},
  "name": "VaporwaverError"
}
